0 info it worked if it ends with ok
1 verbose cli [ 'C:\\Program Files\\nodejs\\node.exe',
1 verbose cli   'C:\\Program Files\\nodejs\\node_modules\\npm\\bin\\npm-cli.js',
1 verbose cli   'install',
1 verbose cli   'grunt-contrib-saas' ]
2 info using npm@2.14.12
3 info using node@v4.3.0
4 verbose install initial load of D:\yuliaiul.github.io\GoIT\Javascript\HOME\Lesson 21-22\package.json
5 warn package.json lesson21-22@1.0.0 No description
6 warn package.json lesson21-22@1.0.0 No repository field.
7 warn package.json lesson21-22@1.0.0 No README data
8 verbose installManyTop reading scoped package data from D:\yuliaiul.github.io\GoIT\Javascript\HOME\Lesson 21-22\node_modules\babel-cli\package.json
9 verbose installManyTop reading scoped package data from D:\yuliaiul.github.io\GoIT\Javascript\HOME\Lesson 21-22\node_modules\grunt\package.json
10 verbose installManyTop reading scoped package data from D:\yuliaiul.github.io\GoIT\Javascript\HOME\Lesson 21-22\node_modules\grunt-contrib-concat\package.json
11 verbose installManyTop reading scoped package data from D:\yuliaiul.github.io\GoIT\Javascript\HOME\Lesson 21-22\node_modules\grunt-contrib-jasmine\package.json
12 verbose installManyTop reading scoped package data from D:\yuliaiul.github.io\GoIT\Javascript\HOME\Lesson 21-22\node_modules\grunt-contrib-uglify\package.json
13 verbose installManyTop reading scoped package data from D:\yuliaiul.github.io\GoIT\Javascript\HOME\Lesson 21-22\node_modules\grunt-contrib-watch\package.json
14 info package.json grunt@0.4.5 No license field.
15 verbose readDependencies loading dependencies from D:\yuliaiul.github.io\GoIT\Javascript\HOME\Lesson 21-22\package.json
16 silly cache add args [ 'grunt-contrib-saas', null ]
17 verbose cache add spec grunt-contrib-saas
18 silly cache add parsed spec Result {
18 silly cache add   raw: 'grunt-contrib-saas',
18 silly cache add   scope: null,
18 silly cache add   name: 'grunt-contrib-saas',
18 silly cache add   rawSpec: '',
18 silly cache add   spec: 'latest',
18 silly cache add   type: 'tag' }
19 silly addNamed grunt-contrib-saas@latest
20 verbose addNamed "latest" is being treated as a dist-tag for grunt-contrib-saas
21 info addNameTag [ 'grunt-contrib-saas', 'latest' ]
22 silly mapToRegistry name grunt-contrib-saas
23 silly mapToRegistry using default registry
24 silly mapToRegistry registry https://registry.npmjs.org/
25 silly mapToRegistry uri https://registry.npmjs.org/grunt-contrib-saas
26 verbose addNameTag registry:https://registry.npmjs.org/grunt-contrib-saas not in flight; fetching
27 verbose request uri https://registry.npmjs.org/grunt-contrib-saas
28 verbose request no auth needed
29 info attempt registry request try #1 at 18:58:06
30 verbose request id 86d4e139056f6a4b
31 http request GET https://registry.npmjs.org/grunt-contrib-saas
32 http 404 https://registry.npmjs.org/grunt-contrib-saas
33 verbose headers { 'content-type': 'application/json',
33 verbose headers   'cache-control': 'max-age=0',
33 verbose headers   'content-length': '2',
33 verbose headers   'accept-ranges': 'bytes',
33 verbose headers   date: 'Mon, 04 Apr 2016 15:58:07 GMT',
33 verbose headers   via: '1.1 varnish',
33 verbose headers   age: '0',
33 verbose headers   connection: 'keep-alive',
33 verbose headers   'x-served-by': 'cache-fra1247-FRA',
33 verbose headers   'x-cache': 'MISS',
33 verbose headers   'x-cache-hits': '0',
33 verbose headers   'x-timer': 'S1459785486.997951,VS0,VE742' }
34 silly get cb [ 404,
34 silly get   { 'content-type': 'application/json',
34 silly get     'cache-control': 'max-age=0',
34 silly get     'content-length': '2',
34 silly get     'accept-ranges': 'bytes',
34 silly get     date: 'Mon, 04 Apr 2016 15:58:07 GMT',
34 silly get     via: '1.1 varnish',
34 silly get     age: '0',
34 silly get     connection: 'keep-alive',
34 silly get     'x-served-by': 'cache-fra1247-FRA',
34 silly get     'x-cache': 'MISS',
34 silly get     'x-cache-hits': '0',
34 silly get     'x-timer': 'S1459785486.997951,VS0,VE742' } ]
35 verbose stack Error: Registry returned 404 for GET on https://registry.npmjs.org/grunt-contrib-saas
35 verbose stack     at makeError (C:\Program Files\nodejs\node_modules\npm\node_modules\npm-registry-client\lib\request.js:264:12)
35 verbose stack     at CachingRegistryClient.<anonymous> (C:\Program Files\nodejs\node_modules\npm\node_modules\npm-registry-client\lib\request.js:242:14)
35 verbose stack     at Request._callback (C:\Program Files\nodejs\node_modules\npm\node_modules\npm-registry-client\lib\request.js:172:14)
35 verbose stack     at Request.self.callback (C:\Program Files\nodejs\node_modules\npm\node_modules\request\request.js:198:22)
35 verbose stack     at emitTwo (events.js:87:13)
35 verbose stack     at Request.emit (events.js:172:7)
35 verbose stack     at Request.<anonymous> (C:\Program Files\nodejs\node_modules\npm\node_modules\request\request.js:1082:10)
35 verbose stack     at emitOne (events.js:82:20)
35 verbose stack     at Request.emit (events.js:169:7)
35 verbose stack     at IncomingMessage.<anonymous> (C:\Program Files\nodejs\node_modules\npm\node_modules\request\request.js:1009:12)
36 verbose statusCode 404
37 verbose pkgid grunt-contrib-saas
38 verbose cwd D:\yuliaiul.github.io\GoIT\Javascript\HOME\Lesson 21-22
39 error Windows_NT 6.3.9600
40 error argv "C:\\Program Files\\nodejs\\node.exe" "C:\\Program Files\\nodejs\\node_modules\\npm\\bin\\npm-cli.js" "install" "grunt-contrib-saas"
41 error node v4.3.0
42 error npm  v2.14.12
43 error code E404
44 error 404 Registry returned 404 for GET on https://registry.npmjs.org/grunt-contrib-saas
44 error 404
44 error 404 'grunt-contrib-saas' is not in the npm registry.
44 error 404 You should bug the author to publish it (or use the name yourself!)
44 error 404 It was specified as a dependency of 'lesson21-22'
44 error 404
44 error 404 Note that you can also install from a
44 error 404 tarball, folder, http url, or git url.
45 verbose exit [ 1, true ]
